(---------------------------------------------------------------------)
(                                                                     )
(    Allegro Netrev Import Logic                                      )
(                                                                     )
(    Drawing          : temp_sensor_blank.brd                         )
(    Software Version : 17.2S013                                      )
(    Date/Time        : Wed Jan 24 16:56:50 2018                      )
(                                                                     )
(---------------------------------------------------------------------)


------ Directives ------------

Ripup etch:                  No
Ripup delete first segment:  No
Ripup retain bondwire:       No
Ripup symbols:               Always
Missing symbol has error:    No
DRC update:                  Yes
Schematic directory:         'H:\TEMP_SENSOR\allegro'
Design Directory:            'H:/temp_sensor'
Old design name:             'H:/temp_sensor/temp_sensor_blank.brd'
New design name:             'H:/temp_sensor/temp_sensor_v1.brd'

CmdLine: netrev.exe -y 1 -i H:\TEMP_SENSOR\allegro H:\temp_sensor\temp_sensor_blank.brd H:\temp_sensor\temp_sensor_v1.brd

------ Preparing to read pst files ------

Starting to read H:/TEMP_SENSOR/allegro/pstchip.dat 
   Finished reading H:/TEMP_SENSOR/allegro/pstchip.dat (00:00:00.03)
Starting to read H:/TEMP_SENSOR/allegro/pstxprt.dat 
   Finished reading H:/TEMP_SENSOR/allegro/pstxprt.dat (00:00:00.00)
Starting to read H:/TEMP_SENSOR/allegro/pstxnet.dat 
   Finished reading H:/TEMP_SENSOR/allegro/pstxnet.dat (00:00:00.00)

------ Oversights/Warnings/Errors ------


------ Library Paths ------
MODULEPATH =  . 
           c:/cadence/spb_17.2/share/local/pcb/modules 

PSMPATH =  H:/temp_sensor/ 
           Q:/allegro/PCB_LIB/symbols/ 
           . 
           symbols 
           .. 
           ../symbols 
           c:/cadence/spb_17.2/share/local/pcb/symbols 
           c:/cadence/spb_17.2/share/pcb/pcb_lib/symbols 
           c:/cadence/spb_17.2/share/pcb/allegrolib/symbols 

PADPATH =  H:/temp_sensor/ 
           Q:/allegro/PCB_LIB/padstacks/ 
           . 
           symbols 
           .. 
           ../symbols 
           c:/cadence/spb_17.2/share/local/pcb/padstacks 
           c:/cadence/spb_17.2/share/pcb/pcb_lib/symbols 
           c:/cadence/spb_17.2/share/pcb/allegrolib/symbols 


------ Summary Statistics ------


netrev run on Jan 24 16:56:50 2018
   DESIGN NAME : 'TEMP_SENSOR'
   PACKAGING ON Jan  9 2017 17:57:56

   COMPILE 'logic'
   CHECK_PIN_NAMES OFF
   CROSS_REFERENCE OFF
   FEEDBACK OFF
   INCREMENTAL OFF
   INTERFACE_TYPE PHYSICAL
   MAX_ERRORS 500
   MERGE_MINIMUM 5
   NET_NAME_CHARS '#%&()*+-./:=>?@[]^_`|'
   NET_NAME_LENGTH 24
   OVERSIGHTS ON
   REPLACE_CHECK OFF
   SINGLE_NODE_NETS ON
   SPLIT_MINIMUM 0
   SUPPRESS   20
   WARNINGS ON

 No error detected
 No oversight detected
 No warning detected

cpu time      0:00:58
elapsed time  0:00:01

